c:\users\redju\source\repos\pizza_calc_select\pizza_calc_select\x64\debug\pizza_calc_select.pch
c:\users\redju\source\repos\pizza_calc_select\pizza_calc_select\x64\debug\vc143.pdb
c:\users\redju\source\repos\pizza_calc_select\pizza_calc_select\x64\debug\vc143.idb
c:\users\redju\source\repos\pizza_calc_select\pizza_calc_select\x64\debug\pch.obj
c:\users\redju\source\repos\pizza_calc_select\pizza_calc_select\x64\debug\pizza_calc_selectdlg.obj
c:\users\redju\source\repos\pizza_calc_select\pizza_calc_select\x64\debug\pizza_calc_select.obj
c:\users\redju\source\repos\pizza_calc_select\x64\debug\pizza_calc_select.exe
c:\users\redju\source\repos\pizza_calc_select\pizza_calc_select\x64\debug\pizza_calc_select.ilk
c:\users\redju\source\repos\pizza_calc_select\x64\debug\pizza_calc_select.pdb
c:\users\redju\source\repos\pizza_calc_select\pizza_calc_select\x64\debug\pizzacalcselect.res
c:\users\redju\source\repos\pizza_calc_select\pizza_calc_select\x64\debug\pizza_ca.3b1c8e36.tlog\cl.command.1.tlog
c:\users\redju\source\repos\pizza_calc_select\pizza_calc_select\x64\debug\pizza_ca.3b1c8e36.tlog\cl.items.tlog
c:\users\redju\source\repos\pizza_calc_select\pizza_calc_select\x64\debug\pizza_ca.3b1c8e36.tlog\cl.read.1.tlog
c:\users\redju\source\repos\pizza_calc_select\pizza_calc_select\x64\debug\pizza_ca.3b1c8e36.tlog\cl.write.1.tlog
c:\users\redju\source\repos\pizza_calc_select\pizza_calc_select\x64\debug\pizza_ca.3b1c8e36.tlog\link.command.1.tlog
c:\users\redju\source\repos\pizza_calc_select\pizza_calc_select\x64\debug\pizza_ca.3b1c8e36.tlog\link.read.1.tlog
c:\users\redju\source\repos\pizza_calc_select\pizza_calc_select\x64\debug\pizza_ca.3b1c8e36.tlog\link.write.1.tlog
c:\users\redju\source\repos\pizza_calc_select\pizza_calc_select\x64\debug\pizza_ca.3b1c8e36.tlog\rc.command.1.tlog
c:\users\redju\source\repos\pizza_calc_select\pizza_calc_select\x64\debug\pizza_ca.3b1c8e36.tlog\rc.read.1.tlog
c:\users\redju\source\repos\pizza_calc_select\pizza_calc_select\x64\debug\pizza_ca.3b1c8e36.tlog\rc.write.1.tlog
